<?xml version="1.0" encoding="UTF-8"?>
<!-- Generated by org.testng.reporters.JUnitXMLReporter -->
<testsuite hostname="DESKTOP-QGJITNH" ignored="0" name="BankingApp test" tests="7" failures="5" timestamp="2023-01-19T21:58:26 IST" time="93.614" errors="0">
  <testcase name="loginTest" time="4.908" classname="com.selenium.testCases.TC_LoginTest_001">
    <failure type="java.lang.AssertionError" message="expected [true] but found [false]">
      <![CDATA[java.lang.AssertionError: expected [true] but found [false]
at com.selenium.testCases.TC_LoginTest_001.loginTest(TC_LoginTest_001.java:35)
at java.util.ArrayList.forEach(ArrayList.java:1249)
... Removed 31 stack frames]]>
    </failure>
  </testcase> <!-- loginTest -->
  <testcase name="loginDDT" time="7.186" classname="com.selenium.testCases.TC_loginDDT_002">
    <failure type="java.lang.AssertionError" message="expected [true] but found [false]">
      <![CDATA[java.lang.AssertionError: expected [true] but found [false]
at com.selenium.testCases.TC_loginDDT_002.loginDDT(TC_loginDDT_002.java:35)
at java.util.ArrayList.forEach(ArrayList.java:1249)
... Removed 31 stack frames]]>
    </failure>
  </testcase> <!-- loginDDT -->
  <testcase name="loginDDT" time="6.226" classname="com.selenium.testCases.TC_loginDDT_002">
    <failure type="java.lang.AssertionError" message="expected [true] but found [false]">
      <![CDATA[java.lang.AssertionError: expected [true] but found [false]
at com.selenium.testCases.TC_loginDDT_002.loginDDT(TC_loginDDT_002.java:35)
at java.util.ArrayList.forEach(ArrayList.java:1249)
... Removed 31 stack frames]]>
    </failure>
  </testcase> <!-- loginDDT -->
  <testcase name="loginDDT" time="6.54" classname="com.selenium.testCases.TC_loginDDT_002">
    <failure type="java.lang.AssertionError" message="expected [true] but found [false]">
      <![CDATA[java.lang.AssertionError: expected [true] but found [false]
at com.selenium.testCases.TC_loginDDT_002.loginDDT(TC_loginDDT_002.java:35)
at java.util.ArrayList.forEach(ArrayList.java:1249)
... Removed 31 stack frames]]>
    </failure>
  </testcase> <!-- loginDDT -->
  <testcase name="loginDDT" time="11.913" classname="com.selenium.testCases.TC_loginDDT_002"/>
  <testcase name="loginDDT" time="6.493" classname="com.selenium.testCases.TC_loginDDT_002">
    <failure type="java.lang.AssertionError" message="expected [true] but found [false]">
      <![CDATA[java.lang.AssertionError: expected [true] but found [false]
at com.selenium.testCases.TC_loginDDT_002.loginDDT(TC_loginDDT_002.java:35)
at java.util.ArrayList.forEach(ArrayList.java:1249)
... Removed 31 stack frames]]>
    </failure>
  </testcase> <!-- loginDDT -->
  <testcase name="addNewCustomer" time="27.541" classname="com.selenium.testCases.TC_AddCustomerTest_003"/>
</testsuite> <!-- BankingApp test -->
